<?xml version="1.0" encoding="UTF-8"?>
<robot generator="Robot 6.1.1 (Python 3.14.0 on win32)" generated="20251114 13:00:34.406" rpa="false" schemaversion="4">
<suite id="s1" name="Tests" source="C:\kurssit\TEKA3003-Ohjelmistotuotanto\ohjelmistotuotanto\osa3\login-robot\src\tests">
<suite id="s1-s1" name="Login" source="C:\kurssit\TEKA3003-Ohjelmistotuotanto\ohjelmistotuotanto\osa3\login-robot\src\tests\login.robot">
<test id="s1-s1-t1" name="Login With Correct Credentials" line="6">
<kw name="Create User And Input Login Command" type="SETUP">
<kw name="Create User" library="AppLibrary">
<arg>kalle</arg>
<arg>kalle123</arg>
<status status="PASS" starttime="20251114 13:00:34.450" endtime="20251114 13:00:34.450"/>
</kw>
<kw name="Input Login Command" library="resource">
<kw name="Input" library="AppLibrary">
<arg>login</arg>
<status status="PASS" starttime="20251114 13:00:34.450" endtime="20251114 13:00:34.451"/>
</kw>
<status status="PASS" starttime="20251114 13:00:34.450" endtime="20251114 13:00:34.451"/>
</kw>
<status status="PASS" starttime="20251114 13:00:34.450" endtime="20251114 13:00:34.451"/>
</kw>
<kw name="Input Credentials" library="resource">
<arg>kalle</arg>
<arg>kalle123</arg>
<kw name="Input" library="AppLibrary">
<arg>${username}</arg>
<status status="PASS" starttime="20251114 13:00:34.451" endtime="20251114 13:00:34.451"/>
</kw>
<kw name="Input" library="AppLibrary">
<arg>${password}</arg>
<status status="PASS" starttime="20251114 13:00:34.451" endtime="20251114 13:00:34.451"/>
</kw>
<kw name="Run Application" library="AppLibrary">
<status status="PASS" starttime="20251114 13:00:34.451" endtime="20251114 13:00:34.451"/>
</kw>
<status status="PASS" starttime="20251114 13:00:34.451" endtime="20251114 13:00:34.451"/>
</kw>
<kw name="Output Should Contain" library="AppLibrary">
<arg>Logged in</arg>
<status status="PASS" starttime="20251114 13:00:34.451" endtime="20251114 13:00:34.451"/>
</kw>
<status status="PASS" starttime="20251114 13:00:34.449" endtime="20251114 13:00:34.452"/>
</test>
<test id="s1-s1-t2" name="Login With Incorrect Password" line="10">
<kw name="Create User And Input Login Command" type="SETUP">
<kw name="Create User" library="AppLibrary">
<arg>kalle</arg>
<arg>kalle123</arg>
<status status="PASS" starttime="20251114 13:00:34.452" endtime="20251114 13:00:34.452"/>
</kw>
<kw name="Input Login Command" library="resource">
<kw name="Input" library="AppLibrary">
<arg>login</arg>
<status status="PASS" starttime="20251114 13:00:34.453" endtime="20251114 13:00:34.453"/>
</kw>
<status status="PASS" starttime="20251114 13:00:34.453" endtime="20251114 13:00:34.453"/>
</kw>
<status status="PASS" starttime="20251114 13:00:34.452" endtime="20251114 13:00:34.453"/>
</kw>
<kw name="Input Credentials" library="resource">
<arg>wrongname</arg>
<arg>wrongpass</arg>
<kw name="Input" library="AppLibrary">
<arg>${username}</arg>
<status status="PASS" starttime="20251114 13:00:34.453" endtime="20251114 13:00:34.453"/>
</kw>
<kw name="Input" library="AppLibrary">
<arg>${password}</arg>
<status status="PASS" starttime="20251114 13:00:34.453" endtime="20251114 13:00:34.453"/>
</kw>
<kw name="Run Application" library="AppLibrary">
<status status="PASS" starttime="20251114 13:00:34.453" endtime="20251114 13:00:34.453"/>
</kw>
<status status="PASS" starttime="20251114 13:00:34.453" endtime="20251114 13:00:34.453"/>
</kw>
<kw name="Output Should Contain" library="AppLibrary">
<arg>Invalid username or password</arg>
<status status="PASS" starttime="20251114 13:00:34.453" endtime="20251114 13:00:34.454"/>
</kw>
<status status="PASS" starttime="20251114 13:00:34.452" endtime="20251114 13:00:34.454"/>
</test>
<test id="s1-s1-t3" name="Login With Nonexistent Username" line="14">
<kw name="Create User And Input Login Command" type="SETUP">
<kw name="Create User" library="AppLibrary">
<arg>kalle</arg>
<arg>kalle123</arg>
<status status="PASS" starttime="20251114 13:00:34.454" endtime="20251114 13:00:34.454"/>
</kw>
<kw name="Input Login Command" library="resource">
<kw name="Input" library="AppLibrary">
<arg>login</arg>
<status status="PASS" starttime="20251114 13:00:34.455" endtime="20251114 13:00:34.455"/>
</kw>
<status status="PASS" starttime="20251114 13:00:34.455" endtime="20251114 13:00:34.455"/>
</kw>
<status status="PASS" starttime="20251114 13:00:34.454" endtime="20251114 13:00:34.455"/>
</kw>
<kw name="Input Credentials" library="resource">
<arg>wrongname</arg>
<arg>password</arg>
<kw name="Input" library="AppLibrary">
<arg>${username}</arg>
<status status="PASS" starttime="20251114 13:00:34.455" endtime="20251114 13:00:34.455"/>
</kw>
<kw name="Input" library="AppLibrary">
<arg>${password}</arg>
<status status="PASS" starttime="20251114 13:00:34.455" endtime="20251114 13:00:34.456"/>
</kw>
<kw name="Run Application" library="AppLibrary">
<status status="PASS" starttime="20251114 13:00:34.456" endtime="20251114 13:00:34.456"/>
</kw>
<status status="PASS" starttime="20251114 13:00:34.455" endtime="20251114 13:00:34.456"/>
</kw>
<kw name="Output Should Contain" library="AppLibrary">
<arg>Invalid username or password</arg>
<status status="PASS" starttime="20251114 13:00:34.456" endtime="20251114 13:00:34.456"/>
</kw>
<status status="PASS" starttime="20251114 13:00:34.454" endtime="20251114 13:00:34.456"/>
</test>
<status status="PASS" starttime="20251114 13:00:34.437" endtime="20251114 13:00:34.456"/>
</suite>
<suite id="s1-s2" name="Register" source="C:\kurssit\TEKA3003-Ohjelmistotuotanto\ohjelmistotuotanto\osa3\login-robot\src\tests\register.robot">
<test id="s1-s2-t1" name="Register With Valid Username And Password" line="6">
<kw name="Create User And Input New Command" type="SETUP">
<kw name="Create User" library="AppLibrary">
<arg>kalle</arg>
<arg>kalle123</arg>
<status status="PASS" starttime="20251114 13:00:34.461" endtime="20251114 13:00:34.461"/>
</kw>
<kw name="Input New Command" library="resource">
<kw name="Input" library="AppLibrary">
<arg>new</arg>
<status status="PASS" starttime="20251114 13:00:34.461" endtime="20251114 13:00:34.461"/>
</kw>
<status status="PASS" starttime="20251114 13:00:34.461" endtime="20251114 13:00:34.462"/>
</kw>
<status status="PASS" starttime="20251114 13:00:34.460" endtime="20251114 13:00:34.462"/>
</kw>
<kw name="Input Credentials" library="resource">
<arg>jimi</arg>
<arg>salasana12345</arg>
<kw name="Input" library="AppLibrary">
<arg>${username}</arg>
<status status="PASS" starttime="20251114 13:00:34.462" endtime="20251114 13:00:34.462"/>
</kw>
<kw name="Input" library="AppLibrary">
<arg>${password}</arg>
<status status="PASS" starttime="20251114 13:00:34.462" endtime="20251114 13:00:34.462"/>
</kw>
<kw name="Run Application" library="AppLibrary">
<status status="PASS" starttime="20251114 13:00:34.462" endtime="20251114 13:00:34.462"/>
</kw>
<status status="PASS" starttime="20251114 13:00:34.462" endtime="20251114 13:00:34.463"/>
</kw>
<kw name="Output Should Contain" library="AppLibrary">
<arg>New user registered</arg>
<status status="PASS" starttime="20251114 13:00:34.463" endtime="20251114 13:00:34.463"/>
</kw>
<status status="PASS" starttime="20251114 13:00:34.460" endtime="20251114 13:00:34.463"/>
</test>
<test id="s1-s2-t2" name="Register With Already Taken Username And Valid Password" line="10">
<kw name="Create User And Input New Command" type="SETUP">
<kw name="Create User" library="AppLibrary">
<arg>kalle</arg>
<arg>kalle123</arg>
<status status="PASS" starttime="20251114 13:00:34.464" endtime="20251114 13:00:34.464"/>
</kw>
<kw name="Input New Command" library="resource">
<kw name="Input" library="AppLibrary">
<arg>new</arg>
<status status="PASS" starttime="20251114 13:00:34.464" endtime="20251114 13:00:34.464"/>
</kw>
<status status="PASS" starttime="20251114 13:00:34.464" endtime="20251114 13:00:34.464"/>
</kw>
<status status="PASS" starttime="20251114 13:00:34.463" endtime="20251114 13:00:34.464"/>
</kw>
<kw name="Input Credentials" library="resource">
<arg>kalle</arg>
<arg>kalle123</arg>
<kw name="Input" library="AppLibrary">
<arg>${username}</arg>
<status status="PASS" starttime="20251114 13:00:34.465" endtime="20251114 13:00:34.465"/>
</kw>
<kw name="Input" library="AppLibrary">
<arg>${password}</arg>
<status status="PASS" starttime="20251114 13:00:34.465" endtime="20251114 13:00:34.465"/>
</kw>
<kw name="Run Application" library="AppLibrary">
<status status="PASS" starttime="20251114 13:00:34.465" endtime="20251114 13:00:34.465"/>
</kw>
<status status="PASS" starttime="20251114 13:00:34.464" endtime="20251114 13:00:34.465"/>
</kw>
<kw name="Output Should Contain" library="AppLibrary">
<arg>User with username kalle already exists</arg>
<status status="PASS" starttime="20251114 13:00:34.465" endtime="20251114 13:00:34.465"/>
</kw>
<status status="PASS" starttime="20251114 13:00:34.463" endtime="20251114 13:00:34.465"/>
</test>
<test id="s1-s2-t3" name="Register With Too Short Username And Valid Password" line="15">
<kw name="Create User And Input New Command" type="SETUP">
<kw name="Create User" library="AppLibrary">
<arg>kalle</arg>
<arg>kalle123</arg>
<status status="PASS" starttime="20251114 13:00:34.466" endtime="20251114 13:00:34.466"/>
</kw>
<kw name="Input New Command" library="resource">
<kw name="Input" library="AppLibrary">
<arg>new</arg>
<status status="PASS" starttime="20251114 13:00:34.466" endtime="20251114 13:00:34.466"/>
</kw>
<status status="PASS" starttime="20251114 13:00:34.466" endtime="20251114 13:00:34.466"/>
</kw>
<status status="PASS" starttime="20251114 13:00:34.466" endtime="20251114 13:00:34.466"/>
</kw>
<kw name="Input Credentials" library="resource">
<arg>ab</arg>
<arg>password123</arg>
<kw name="Input" library="AppLibrary">
<arg>${username}</arg>
<status status="PASS" starttime="20251114 13:00:34.466" endtime="20251114 13:00:34.467"/>
</kw>
<kw name="Input" library="AppLibrary">
<arg>${password}</arg>
<status status="PASS" starttime="20251114 13:00:34.467" endtime="20251114 13:00:34.467"/>
</kw>
<kw name="Run Application" library="AppLibrary">
<status status="PASS" starttime="20251114 13:00:34.467" endtime="20251114 13:00:34.467"/>
</kw>
<status status="PASS" starttime="20251114 13:00:34.466" endtime="20251114 13:00:34.467"/>
</kw>
<kw name="Output Should Contain" library="AppLibrary">
<arg>Username is too short</arg>
<status status="PASS" starttime="20251114 13:00:34.467" endtime="20251114 13:00:34.467"/>
</kw>
<status status="PASS" starttime="20251114 13:00:34.466" endtime="20251114 13:00:34.467"/>
</test>
<test id="s1-s2-t4" name="Register With Enough Long But Invalid Username And Valid Password" line="19">
<kw name="Create User And Input New Command" type="SETUP">
<kw name="Create User" library="AppLibrary">
<arg>kalle</arg>
<arg>kalle123</arg>
<status status="PASS" starttime="20251114 13:00:34.467" endtime="20251114 13:00:34.467"/>
</kw>
<kw name="Input New Command" library="resource">
<kw name="Input" library="AppLibrary">
<arg>new</arg>
<status status="PASS" starttime="20251114 13:00:34.468" endtime="20251114 13:00:34.468"/>
</kw>
<status status="PASS" starttime="20251114 13:00:34.468" endtime="20251114 13:00:34.468"/>
</kw>
<status status="PASS" starttime="20251114 13:00:34.467" endtime="20251114 13:00:34.468"/>
</kw>
<kw name="Input Credentials" library="resource">
<arg>KALLE</arg>
<arg>password123</arg>
<kw name="Input" library="AppLibrary">
<arg>${username}</arg>
<status status="PASS" starttime="20251114 13:00:34.468" endtime="20251114 13:00:34.468"/>
</kw>
<kw name="Input" library="AppLibrary">
<arg>${password}</arg>
<status status="PASS" starttime="20251114 13:00:34.468" endtime="20251114 13:00:34.468"/>
</kw>
<kw name="Run Application" library="AppLibrary">
<status status="PASS" starttime="20251114 13:00:34.468" endtime="20251114 13:00:34.468"/>
</kw>
<status status="PASS" starttime="20251114 13:00:34.468" endtime="20251114 13:00:34.468"/>
</kw>
<kw name="Output Should Contain" library="AppLibrary">
<arg>Username has invalid symbols</arg>
<status status="PASS" starttime="20251114 13:00:34.468" endtime="20251114 13:00:34.468"/>
</kw>
<status status="PASS" starttime="20251114 13:00:34.467" endtime="20251114 13:00:34.468"/>
</test>
<test id="s1-s2-t5" name="Register With Valid Username And Too Short Password" line="23">
<kw name="Create User And Input New Command" type="SETUP">
<kw name="Create User" library="AppLibrary">
<arg>kalle</arg>
<arg>kalle123</arg>
<status status="PASS" starttime="20251114 13:00:34.469" endtime="20251114 13:00:34.469"/>
</kw>
<kw name="Input New Command" library="resource">
<kw name="Input" library="AppLibrary">
<arg>new</arg>
<status status="PASS" starttime="20251114 13:00:34.469" endtime="20251114 13:00:34.469"/>
</kw>
<status status="PASS" starttime="20251114 13:00:34.469" endtime="20251114 13:00:34.469"/>
</kw>
<status status="PASS" starttime="20251114 13:00:34.469" endtime="20251114 13:00:34.469"/>
</kw>
<kw name="Input Credentials" library="resource">
<arg>jouni</arg>
<arg>asd123</arg>
<kw name="Input" library="AppLibrary">
<arg>${username}</arg>
<status status="PASS" starttime="20251114 13:00:34.469" endtime="20251114 13:00:34.469"/>
</kw>
<kw name="Input" library="AppLibrary">
<arg>${password}</arg>
<status status="PASS" starttime="20251114 13:00:34.469" endtime="20251114 13:00:34.470"/>
</kw>
<kw name="Run Application" library="AppLibrary">
<status status="PASS" starttime="20251114 13:00:34.470" endtime="20251114 13:00:34.470"/>
</kw>
<status status="PASS" starttime="20251114 13:00:34.469" endtime="20251114 13:00:34.470"/>
</kw>
<kw name="Output Should Contain" library="AppLibrary">
<arg>Password is too short</arg>
<status status="PASS" starttime="20251114 13:00:34.470" endtime="20251114 13:00:34.470"/>
</kw>
<status status="PASS" starttime="20251114 13:00:34.469" endtime="20251114 13:00:34.470"/>
</test>
<test id="s1-s2-t6" name="Register With Valid Username And Long Enough Password Containing Only Letters" line="27">
<kw name="Create User And Input New Command" type="SETUP">
<kw name="Create User" library="AppLibrary">
<arg>kalle</arg>
<arg>kalle123</arg>
<status status="PASS" starttime="20251114 13:00:34.470" endtime="20251114 13:00:34.470"/>
</kw>
<kw name="Input New Command" library="resource">
<kw name="Input" library="AppLibrary">
<arg>new</arg>
<status status="PASS" starttime="20251114 13:00:34.470" endtime="20251114 13:00:34.471"/>
</kw>
<status status="PASS" starttime="20251114 13:00:34.470" endtime="20251114 13:00:34.471"/>
</kw>
<status status="PASS" starttime="20251114 13:00:34.470" endtime="20251114 13:00:34.471"/>
</kw>
<kw name="Input Credentials" library="resource">
<arg>markku</arg>
<arg>longenoughpassword</arg>
<kw name="Input" library="AppLibrary">
<arg>${username}</arg>
<status status="PASS" starttime="20251114 13:00:34.471" endtime="20251114 13:00:34.471"/>
</kw>
<kw name="Input" library="AppLibrary">
<arg>${password}</arg>
<status status="PASS" starttime="20251114 13:00:34.471" endtime="20251114 13:00:34.471"/>
</kw>
<kw name="Run Application" library="AppLibrary">
<status status="PASS" starttime="20251114 13:00:34.471" endtime="20251114 13:00:34.471"/>
</kw>
<status status="PASS" starttime="20251114 13:00:34.471" endtime="20251114 13:00:34.471"/>
</kw>
<kw name="Output Should Contain" library="AppLibrary">
<arg>Password must not consist only of letters</arg>
<status status="PASS" starttime="20251114 13:00:34.471" endtime="20251114 13:00:34.471"/>
</kw>
<status status="PASS" starttime="20251114 13:00:34.470" endtime="20251114 13:00:34.471"/>
</test>
<status status="PASS" starttime="20251114 13:00:34.457" endtime="20251114 13:00:34.472"/>
</suite>
<status status="PASS" starttime="20251114 13:00:34.407" endtime="20251114 13:00:34.472"/>
</suite>
<statistics>
<total>
<stat pass="9" fail="0" skip="0">All Tests</stat>
</total>
<tag>
</tag>
<suite>
<stat pass="9" fail="0" skip="0" id="s1" name="Tests">Tests</stat>
<stat pass="3" fail="0" skip="0" id="s1-s1" name="Login">Tests.Login</stat>
<stat pass="6" fail="0" skip="0" id="s1-s2" name="Register">Tests.Register</stat>
</suite>
</statistics>
<errors>
</errors>
</robot>
