<?xml version="1.0" encoding="UTF-8"?>
<robot generator="Robot 6.1.1 (Python 3.14.0 on win32)" generated="20251114 12:32:13.999" rpa="false" schemaversion="4">
<suite id="s1" name="Tests" source="C:\kurssit\TEKA3003-Ohjelmistotuotanto\ohjelmistotuotanto\osa3\login-robot\src\tests">
<suite id="s1-s1" name="Login" source="C:\kurssit\TEKA3003-Ohjelmistotuotanto\ohjelmistotuotanto\osa3\login-robot\src\tests\login.robot">
<test id="s1-s1-t1" name="Login With Correct Credentials" line="6">
<kw name="Create User And Input Login Command" type="SETUP">
<kw name="Create User" library="AppLibrary">
<arg>kalle</arg>
<arg>kalle123</arg>
<status status="PASS" starttime="20251114 12:32:14.037" endtime="20251114 12:32:14.037"/>
</kw>
<kw name="Input Login Command" library="resource">
<kw name="Input" library="AppLibrary">
<arg>login</arg>
<status status="PASS" starttime="20251114 12:32:14.038" endtime="20251114 12:32:14.038"/>
</kw>
<status status="PASS" starttime="20251114 12:32:14.037" endtime="20251114 12:32:14.038"/>
</kw>
<status status="PASS" starttime="20251114 12:32:14.037" endtime="20251114 12:32:14.038"/>
</kw>
<kw name="Input Credentials" library="resource">
<arg>kalle</arg>
<arg>kalle123</arg>
<kw name="Input" library="AppLibrary">
<arg>${username}</arg>
<status status="PASS" starttime="20251114 12:32:14.038" endtime="20251114 12:32:14.038"/>
</kw>
<kw name="Input" library="AppLibrary">
<arg>${password}</arg>
<status status="PASS" starttime="20251114 12:32:14.038" endtime="20251114 12:32:14.038"/>
</kw>
<kw name="Run Application" library="AppLibrary">
<status status="PASS" starttime="20251114 12:32:14.038" endtime="20251114 12:32:14.038"/>
</kw>
<status status="PASS" starttime="20251114 12:32:14.038" endtime="20251114 12:32:14.038"/>
</kw>
<kw name="Output Should Contain" library="AppLibrary">
<arg>Logged in</arg>
<status status="PASS" starttime="20251114 12:32:14.038" endtime="20251114 12:32:14.039"/>
</kw>
<status status="PASS" starttime="20251114 12:32:14.037" endtime="20251114 12:32:14.039"/>
</test>
<test id="s1-s1-t2" name="Login With Incorrect Password" line="10">
<kw name="Create User And Input Login Command" type="SETUP">
<kw name="Create User" library="AppLibrary">
<arg>kalle</arg>
<arg>kalle123</arg>
<status status="PASS" starttime="20251114 12:32:14.039" endtime="20251114 12:32:14.039"/>
</kw>
<kw name="Input Login Command" library="resource">
<kw name="Input" library="AppLibrary">
<arg>login</arg>
<status status="PASS" starttime="20251114 12:32:14.039" endtime="20251114 12:32:14.039"/>
</kw>
<status status="PASS" starttime="20251114 12:32:14.039" endtime="20251114 12:32:14.039"/>
</kw>
<status status="PASS" starttime="20251114 12:32:14.039" endtime="20251114 12:32:14.039"/>
</kw>
<kw name="Input Credentials" library="resource">
<arg>wrongname</arg>
<arg>wrongpass</arg>
<kw name="Input" library="AppLibrary">
<arg>${username}</arg>
<status status="PASS" starttime="20251114 12:32:14.040" endtime="20251114 12:32:14.040"/>
</kw>
<kw name="Input" library="AppLibrary">
<arg>${password}</arg>
<status status="PASS" starttime="20251114 12:32:14.040" endtime="20251114 12:32:14.040"/>
</kw>
<kw name="Run Application" library="AppLibrary">
<status status="PASS" starttime="20251114 12:32:14.040" endtime="20251114 12:32:14.040"/>
</kw>
<status status="PASS" starttime="20251114 12:32:14.040" endtime="20251114 12:32:14.040"/>
</kw>
<kw name="Output Should Contain" library="AppLibrary">
<arg>Invalid username or password</arg>
<status status="PASS" starttime="20251114 12:32:14.040" endtime="20251114 12:32:14.040"/>
</kw>
<status status="PASS" starttime="20251114 12:32:14.039" endtime="20251114 12:32:14.040"/>
</test>
<test id="s1-s1-t3" name="Logn With Nonexistent Username" line="14">
<kw name="Create User And Input Login Command" type="SETUP">
<kw name="Create User" library="AppLibrary">
<arg>kalle</arg>
<arg>kalle123</arg>
<status status="PASS" starttime="20251114 12:32:14.041" endtime="20251114 12:32:14.041"/>
</kw>
<kw name="Input Login Command" library="resource">
<kw name="Input" library="AppLibrary">
<arg>login</arg>
<status status="PASS" starttime="20251114 12:32:14.041" endtime="20251114 12:32:14.041"/>
</kw>
<status status="PASS" starttime="20251114 12:32:14.041" endtime="20251114 12:32:14.041"/>
</kw>
<status status="PASS" starttime="20251114 12:32:14.041" endtime="20251114 12:32:14.041"/>
</kw>
<kw name="Input Credentials" library="resource">
<arg>wrongname</arg>
<arg>password</arg>
<kw name="Input" library="AppLibrary">
<arg>${username}</arg>
<status status="PASS" starttime="20251114 12:32:14.041" endtime="20251114 12:32:14.041"/>
</kw>
<kw name="Input" library="AppLibrary">
<arg>${password}</arg>
<status status="PASS" starttime="20251114 12:32:14.041" endtime="20251114 12:32:14.041"/>
</kw>
<kw name="Run Application" library="AppLibrary">
<status status="PASS" starttime="20251114 12:32:14.041" endtime="20251114 12:32:14.041"/>
</kw>
<status status="PASS" starttime="20251114 12:32:14.041" endtime="20251114 12:32:14.041"/>
</kw>
<kw name="Output Should Contain" library="AppLibrary">
<arg>Invalid username or password</arg>
<status status="PASS" starttime="20251114 12:32:14.042" endtime="20251114 12:32:14.042"/>
</kw>
<status status="PASS" starttime="20251114 12:32:14.040" endtime="20251114 12:32:14.042"/>
</test>
<status status="PASS" starttime="20251114 12:32:14.028" endtime="20251114 12:32:14.042"/>
</suite>
<status status="PASS" starttime="20251114 12:32:14.000" endtime="20251114 12:32:14.042"/>
</suite>
<statistics>
<total>
<stat pass="3" fail="0" skip="0">All Tests</stat>
</total>
<tag>
</tag>
<suite>
<stat pass="3" fail="0" skip="0" id="s1" name="Tests">Tests</stat>
<stat pass="3" fail="0" skip="0" id="s1-s1" name="Login">Tests.Login</stat>
</suite>
</statistics>
<errors>
</errors>
</robot>
